2025-11-11 17:39:30,956 | INFO | 🚀 Starting 1654 downloads using 25 CPUs
2025-11-11 17:39:30,986 | INFO | 🧩 Launching Chrome for mdpi_pdfs
2025-11-11 17:39:30,986 | INFO | 🧩 Launching Chrome for mdpi_pdfs
2025-11-11 17:39:30,986 | INFO | 🧩 Launching Chrome for mdpi_pdfs
2025-11-11 17:39:30,986 | INFO | 🧩 Launching Chrome for mdpi_pdfs
2025-11-11 17:39:30,987 | INFO | 🧩 Launching Chrome for mdpi_pdfs
2025-11-11 17:39:30,987 | INFO | 🧩 Launching Chrome for mdpi_pdfs
2025-11-11 17:39:30,987 | INFO | 🧩 Launching Chrome for mdpi_pdfs
2025-11-11 17:39:30,987 | INFO | 🧩 Launching Chrome for mdpi_pdfs
2025-11-11 17:39:30,987 | INFO | 🧩 Launching Chrome for mdpi_pdfs
2025-11-11 17:39:30,987 | INFO | 🧩 Launching Chrome for mdpi_pdfs
2025-11-11 17:39:30,987 | INFO | 🧩 Launching Chrome for mdpi_pdfs
2025-11-11 17:39:30,987 | INFO | 🧩 Launching Chrome for mdpi_pdfs
2025-11-11 17:39:30,987 | INFO | 🧩 Launching Chrome for mdpi_pdfs
2025-11-11 17:39:30,987 | INFO | 🧩 Launching Chrome for mdpi_pdfs
2025-11-11 17:39:30,987 | INFO | 🧩 Launching Chrome for mdpi_pdfs
2025-11-11 17:39:30,987 | INFO | 🧩 Launching Chrome for mdpi_pdfs
2025-11-11 17:39:30,988 | INFO | 🧩 Launching Chrome for mdpi_pdfs
2025-11-11 17:39:30,989 | INFO | 🧩 Launching Chrome for mdpi_pdfs
2025-11-11 17:39:30,989 | INFO | 🧩 Launching Chrome for mdpi_pdfs
2025-11-11 17:39:30,989 | INFO | 🧩 Launching Chrome for mdpi_pdfs
2025-11-11 17:39:30,990 | INFO | 🧩 Launching Chrome for mdpi_pdfs
2025-11-11 17:39:30,990 | INFO | 🧩 Launching Chrome for mdpi_pdfs
2025-11-11 17:39:30,990 | INFO | 🧩 Launching Chrome for mdpi_pdfs
2025-11-11 17:39:30,990 | INFO | 🧩 Launching Chrome for mdpi_pdfs
2025-11-11 17:39:30,991 | INFO | 🧩 Launching Chrome for mdpi_pdfs
2025-11-11 17:39:31,485 | INFO | 🌐 [14] Opening article page: https://www.mdpi.com/2313-0105/10/1/26
2025-11-11 17:39:31,489 | INFO | 🌐 [7] Opening article page: https://www.mdpi.com/2313-0105/10/1/33
2025-11-11 17:39:31,489 | INFO | 🌐 [19] Opening article page: https://www.mdpi.com/2313-0105/10/1/21
2025-11-11 17:39:31,500 | INFO | 🌐 [12] Opening article page: https://www.mdpi.com/2313-0105/10/1/28
2025-11-11 17:39:31,503 | INFO | 🌐 [1] Opening article page: https://www.mdpi.com/2313-0105/10/1/39
2025-11-11 17:39:31,520 | INFO | 🌐 [22] Opening article page: https://www.mdpi.com/2313-0105/10/1/18
2025-11-11 17:39:31,521 | INFO | 🌐 [16] Opening article page: https://www.mdpi.com/2313-0105/10/1/24
2025-11-11 17:39:31,522 | INFO | 🌐 [24] Opening article page: https://www.mdpi.com/2313-0105/10/1/16
2025-11-11 17:39:31,528 | INFO | 🌐 [2] Opening article page: https://www.mdpi.com/2313-0105/10/1/38
2025-11-11 17:39:31,529 | INFO | 🌐 [5] Opening article page: https://www.mdpi.com/2313-0105/10/1/35
2025-11-11 17:39:31,533 | INFO | 🌐 [11] Opening article page: https://www.mdpi.com/2313-0105/10/1/29
2025-11-11 17:39:31,533 | INFO | 🌐 [15] Opening article page: https://www.mdpi.com/2313-0105/10/1/25
2025-11-11 17:39:31,536 | INFO | 🌐 [13] Opening article page: https://www.mdpi.com/2313-0105/10/1/27
2025-11-11 17:39:31,536 | INFO | 🌐 [4] Opening article page: https://www.mdpi.com/2313-0105/10/1/36
2025-11-11 17:39:31,536 | INFO | 🌐 [8] Opening article page: https://www.mdpi.com/2313-0105/10/1/32
2025-11-11 17:39:31,536 | INFO | 🌐 [21] Opening article page: https://www.mdpi.com/2313-0105/10/1/19
2025-11-11 17:39:31,537 | INFO | 🌐 [6] Opening article page: https://www.mdpi.com/2313-0105/10/1/34
2025-11-11 17:39:31,545 | INFO | 🌐 [18] Opening article page: https://www.mdpi.com/2313-0105/10/1/22
2025-11-11 17:39:31,549 | INFO | 🌐 [3] Opening article page: https://www.mdpi.com/2313-0105/10/1/37
2025-11-11 17:39:31,549 | INFO | 🌐 [17] Opening article page: https://www.mdpi.com/2313-0105/10/1/23
2025-11-11 17:39:31,550 | INFO | 🌐 [20] Opening article page: https://www.mdpi.com/2313-0105/10/1/20
2025-11-11 17:39:31,552 | INFO | 🌐 [10] Opening article page: https://www.mdpi.com/2313-0105/10/1/30
2025-11-11 17:39:31,553 | INFO | 🌐 [23] Opening article page: https://www.mdpi.com/2313-0105/10/1/17
2025-11-11 17:39:31,562 | INFO | 🌐 [25] Opening article page: https://www.mdpi.com/2313-0105/10/1/15
2025-11-11 17:39:31,564 | INFO | 🌐 [9] Opening article page: https://www.mdpi.com/2313-0105/10/1/31
2025-11-11 17:39:36,841 | INFO | ⬇️  [17] Downloading: https://www.mdpi.com/2313-0105/10/1/23/pdf?version=1704788595
2025-11-11 17:39:36,990 | WARNING | ⚠️ [17] No .pdf file found after https://www.mdpi.com/2313-0105/10/1/23/pdf?version=1704788595
2025-11-11 17:39:37,038 | INFO | ⬇️  [7] Downloading: https://www.mdpi.com/2313-0105/10/1/33/pdf?version=1705643770
2025-11-11 17:39:37,049 | INFO | 🧩 Launching Chrome for mdpi_pdfs
2025-11-11 17:39:37,115 | WARNING | ⚠️ [7] No .pdf file found after https://www.mdpi.com/2313-0105/10/1/33/pdf?version=1705643770
2025-11-11 17:39:37,184 | INFO | 🧩 Launching Chrome for mdpi_pdfs
2025-11-11 17:39:37,345 | INFO | 🌐 [26] Opening article page: https://www.mdpi.com/2313-0105/10/1/14
2025-11-11 17:39:37,425 | INFO | 🌐 [27] Opening article page: https://www.mdpi.com/2313-0105/10/1/13
2025-11-11 17:39:38,805 | INFO | ⬇️  [18] Downloading: https://www.mdpi.com/2313-0105/10/1/22/pdf?version=1704701845
2025-11-11 17:39:38,892 | INFO | ⬇️  [25] Downloading: https://www.mdpi.com/2313-0105/10/1/15/pdf?version=1704180503
2025-11-11 17:39:38,928 | WARNING | ⚠️ [25] No .pdf file found after https://www.mdpi.com/2313-0105/10/1/15/pdf?version=1704180503
2025-11-11 17:39:38,989 | INFO | 🧩 Launching Chrome for mdpi_pdfs
2025-11-11 17:39:39,234 | INFO | 🌐 [28] Opening article page: https://www.mdpi.com/2313-0105/10/1/12
2025-11-11 17:39:39,527 | INFO | ⬇️  [27] Downloading: https://www.mdpi.com/2313-0105/10/1/13/pdf?version=1703992710
2025-11-11 17:39:39,570 | WARNING | ⚠️ [18] No .pdf file found after https://www.mdpi.com/2313-0105/10/1/22/pdf?version=1704701845
2025-11-11 17:39:39,574 | WARNING | ⚠️ [27] No .pdf file found after https://www.mdpi.com/2313-0105/10/1/13/pdf?version=1703992710
2025-11-11 17:39:39,630 | INFO | 🧩 Launching Chrome for mdpi_pdfs
2025-11-11 17:39:39,633 | INFO | 🧩 Launching Chrome for mdpi_pdfs
2025-11-11 17:39:39,721 | INFO | ⬇️  [19] Downloading: https://www.mdpi.com/2313-0105/10/1/21/pdf?version=1704422284
2025-11-11 17:39:39,767 | WARNING | ⚠️ [19] No .pdf file found after https://www.mdpi.com/2313-0105/10/1/21/pdf?version=1704422284
2025-11-11 17:39:39,830 | INFO | 🧩 Launching Chrome for mdpi_pdfs
2025-11-11 17:39:40,065 | INFO | 🌐 [30] Opening article page: https://www.mdpi.com/2313-0105/10/1/9
2025-11-11 17:39:40,074 | INFO | 🌐 [29] Opening article page: https://www.mdpi.com/2313-0105/10/1/11
2025-11-11 17:39:40,115 | INFO | 🌐 [31] Opening article page: https://www.mdpi.com/2313-0105/10/1/10
2025-11-11 17:39:40,499 | INFO | ⬇️  [5] Downloading: https://www.mdpi.com/2313-0105/10/1/35/pdf?version=1705652532
2025-11-11 17:39:40,535 | WARNING | ⚠️ [5] No .pdf file found after https://www.mdpi.com/2313-0105/10/1/35/pdf?version=1705652532
2025-11-11 17:39:40,596 | INFO | 🧩 Launching Chrome for mdpi_pdfs
2025-11-11 17:39:40,632 | INFO | ⬇️  [24] Downloading: https://www.mdpi.com/2313-0105/10/1/16/pdf?version=1704174663
2025-11-11 17:39:40,712 | INFO | ⬇️  [2] Downloading: https://www.mdpi.com/2313-0105/10/1/38/pdf?version=1705894348
2025-11-11 17:39:40,830 | INFO | ⬇️  [13] Downloading: https://www.mdpi.com/2313-0105/10/1/27/pdf?version=1704961615
2025-11-11 17:39:40,868 | WARNING | ⚠️ [13] No .pdf file found after https://www.mdpi.com/2313-0105/10/1/27/pdf?version=1704961615
2025-11-11 17:39:40,874 | INFO | 🌐 [32] Opening article page: https://www.mdpi.com/2313-0105/10/1/8
2025-11-11 17:39:40,927 | INFO | 🧩 Launching Chrome for mdpi_pdfs
2025-11-11 17:39:41,024 | INFO | ⬇️  [10] Downloading: https://www.mdpi.com/2313-0105/10/1/30/pdf?version=1705550006
2025-11-11 17:39:41,191 | INFO | 🌐 [33] Opening article page: https://www.mdpi.com/2313-0105/10/1/7
2025-11-11 17:39:41,241 | INFO | ⬇️  [16] Downloading: https://www.mdpi.com/2313-0105/10/1/24/pdf?version=1704792792
2025-11-11 17:39:41,291 | WARNING | ⚠️ [16] No .pdf file found after https://www.mdpi.com/2313-0105/10/1/24/pdf?version=1704792792
2025-11-11 17:39:41,326 | INFO | ⬇️  [28] Downloading: https://www.mdpi.com/2313-0105/10/1/12/pdf?version=1704157198
2025-11-11 17:39:41,353 | INFO | 🧩 Launching Chrome for mdpi_pdfs
2025-11-11 17:39:41,576 | WARNING | ⚠️ [2] No .pdf file found after https://www.mdpi.com/2313-0105/10/1/38/pdf?version=1705894348
2025-11-11 17:39:41,577 | INFO | 🌐 [34] Opening article page: https://www.mdpi.com/2313-0105/10/1/6
2025-11-11 17:39:41,636 | INFO | 🧩 Launching Chrome for mdpi_pdfs
2025-11-11 17:39:41,850 | INFO | ⬇️  [3] Downloading: https://www.mdpi.com/2313-0105/10/1/37/pdf?version=1705834349
2025-11-11 17:39:41,850 | INFO | 🌐 [35] Opening article page: https://www.mdpi.com/2313-0105/10/1/5
2025-11-11 17:39:41,952 | INFO | ⬇️  [21] Downloading: https://www.mdpi.com/2313-0105/10/1/19/pdf?version=1704332531
2025-11-11 17:39:42,004 | INFO | ⬇️  [12] Downloading: https://www.mdpi.com/2313-0105/10/1/28/pdf?version=1704986813
2025-11-11 17:39:42,043 | WARNING | ⚠️ [12] No .pdf file found after https://www.mdpi.com/2313-0105/10/1/28/pdf?version=1704986813
2025-11-11 17:39:42,092 | INFO | ⬇️  [26] Downloading: https://www.mdpi.com/2313-0105/10/1/14/pdf?version=1703993814
2025-11-11 17:39:42,105 | INFO | 🧩 Launching Chrome for mdpi_pdfs
2025-11-11 17:39:42,128 | WARNING | ⚠️ [26] No .pdf file found after https://www.mdpi.com/2313-0105/10/1/14/pdf?version=1703993814
2025-11-11 17:39:42,189 | INFO | 🧩 Launching Chrome for mdpi_pdfs
2025-11-11 17:39:42,204 | INFO | ⬇️  [30] Downloading: https://www.mdpi.com/2313-0105/10/1/9/pdf?version=1703679274
2025-11-11 17:39:42,212 | WARNING | ⚠️ [24] No .pdf file found after https://www.mdpi.com/2313-0105/10/1/16/pdf?version=1704174663
2025-11-11 17:39:42,212 | INFO | ⬇️  [31] Downloading: https://www.mdpi.com/2313-0105/10/1/10/pdf?version=1704422496
2025-11-11 17:39:42,260 | WARNING | ⚠️ [31] No .pdf file found after https://www.mdpi.com/2313-0105/10/1/10/pdf?version=1704422496
2025-11-11 17:39:42,272 | INFO | ⬇️  [6] Downloading: https://www.mdpi.com/2313-0105/10/1/34/pdf?version=1705636804
2025-11-11 17:39:42,286 | INFO | 🧩 Launching Chrome for mdpi_pdfs
2025-11-11 17:39:42,315 | INFO | 🧩 Launching Chrome for mdpi_pdfs
2025-11-11 17:39:42,315 | WARNING | ⚠️ [6] No .pdf file found after https://www.mdpi.com/2313-0105/10/1/34/pdf?version=1705636804
2025-11-11 17:39:42,360 | INFO | 🌐 [36] Opening article page: https://www.mdpi.com/2313-0105/10/1/4
2025-11-11 17:39:42,382 | INFO | 🧩 Launching Chrome for mdpi_pdfs
2025-11-11 17:39:42,424 | INFO | 🌐 [37] Opening article page: https://www.mdpi.com/2313-0105/10/1/3
2025-11-11 17:39:42,530 | INFO | 🌐 [38] Opening article page: https://www.mdpi.com/2313-0105/10/1/2
2025-11-11 17:39:42,550 | INFO | 🌐 [39] Opening article page: https://www.mdpi.com/2313-0105/10/1/1
2025-11-11 17:39:42,601 | INFO | 🌐 [40] Opening article page: https://www.mdpi.com/2313-0105/10/10/373
2025-11-11 17:39:42,701 | WARNING | ⚠️ [28] No .pdf file found after https://www.mdpi.com/2313-0105/10/1/12/pdf?version=1704157198
2025-11-11 17:39:42,715 | WARNING | ⚠️ [3] No .pdf file found after https://www.mdpi.com/2313-0105/10/1/37/pdf?version=1705834349
2025-11-11 17:39:42,756 | INFO | 🧩 Launching Chrome for mdpi_pdfs
2025-11-11 17:39:42,775 | INFO | 🧩 Launching Chrome for mdpi_pdfs
2025-11-11 17:39:42,853 | WARNING | ⚠️ [21] No .pdf file found after https://www.mdpi.com/2313-0105/10/1/19/pdf?version=1704332531
2025-11-11 17:39:42,869 | WARNING | ⚠️ [30] No .pdf file found after https://www.mdpi.com/2313-0105/10/1/9/pdf?version=1703679274
2025-11-11 17:39:42,881 | INFO | ⬇️  [4] Downloading: https://www.mdpi.com/2313-0105/10/1/36/pdf?version=1705753100
2025-11-11 17:39:42,928 | WARNING | ⚠️ [4] No .pdf file found after https://www.mdpi.com/2313-0105/10/1/36/pdf?version=1705753100
2025-11-11 17:39:42,944 | INFO | 🧩 Launching Chrome for mdpi_pdfs
2025-11-11 17:39:42,944 | INFO | 🧩 Launching Chrome for mdpi_pdfs
2025-11-11 17:39:42,998 | INFO | ⬇️  [32] Downloading: https://www.mdpi.com/2313-0105/10/1/8/pdf?version=1703653188
2025-11-11 17:39:43,016 | INFO | 🧩 Launching Chrome for mdpi_pdfs
2025-11-11 17:39:43,017 | INFO | 🌐 [41] Opening article page: https://www.mdpi.com/2313-0105/10/10/372
2025-11-11 17:39:43,043 | INFO | 🌐 [42] Opening article page: https://www.mdpi.com/2313-0105/10/10/371
2025-11-11 17:39:43,099 | INFO | ⬇️  [9] Downloading: https://www.mdpi.com/2313-0105/10/1/31/pdf?version=1705568403
2025-11-11 17:39:43,100 | INFO | ⬇️  [22] Downloading: https://www.mdpi.com/2313-0105/10/1/18/pdf?version=1704262313
2025-11-11 17:39:43,151 | WARNING | ⚠️ [9] No .pdf file found after https://www.mdpi.com/2313-0105/10/1/31/pdf?version=1705568403
2025-11-11 17:39:43,194 | INFO | 🌐 [43] Opening article page: https://www.mdpi.com/2313-0105/10/10/370
2025-11-11 17:39:43,195 | INFO | 🌐 [44] Opening article page: https://www.mdpi.com/2313-0105/10/10/369
2025-11-11 17:39:43,222 | INFO | 🧩 Launching Chrome for mdpi_pdfs
2025-11-11 17:39:43,240 | INFO | 🌐 [45] Opening article page: https://www.mdpi.com/2313-0105/10/10/368
2025-11-11 17:39:43,293 | INFO | ⬇️  [33] Downloading: https://www.mdpi.com/2313-0105/10/1/7/pdf?version=1703597893
2025-11-11 17:39:43,342 | INFO | ⬇️  [1] Downloading: https://www.mdpi.com/2313-0105/10/1/39/pdf?version=1706059967
2025-11-11 17:39:43,436 | INFO | 🌐 [46] Opening article page: https://www.mdpi.com/2313-0105/10/10/367
2025-11-11 17:39:43,670 | INFO | ⬇️  [34] Downloading: https://www.mdpi.com/2313-0105/10/1/6/pdf?version=1703489279
2025-11-11 17:39:43,696 | WARNING | ⚠️ [32] No .pdf file found after https://www.mdpi.com/2313-0105/10/1/8/pdf?version=1703653188
2025-11-11 17:39:43,752 | INFO | 🧩 Launching Chrome for mdpi_pdfs
2025-11-11 17:39:43,847 | WARNING | ⚠️ [22] No .pdf file found after https://www.mdpi.com/2313-0105/10/1/18/pdf?version=1704262313
2025-11-11 17:39:43,908 | INFO | 🧩 Launching Chrome for mdpi_pdfs
2025-11-11 17:39:43,908 | INFO | ⬇️  [15] Downloading: https://www.mdpi.com/2313-0105/10/1/25/pdf?version=1704802256
2025-11-11 17:39:43,944 | INFO | ⬇️  [35] Downloading: https://www.mdpi.com/2313-0105/10/1/5/pdf?version=1703498195
2025-11-11 17:39:43,969 | WARNING | ⚠️ [15] No .pdf file found after https://www.mdpi.com/2313-0105/10/1/25/pdf?version=1704802256
2025-11-11 17:39:43,976 | INFO | ⬇️  [8] Downloading: https://www.mdpi.com/2313-0105/10/1/32/pdf?version=1705578382
2025-11-11 17:39:43,978 | INFO | 🌐 [47] Opening article page: https://www.mdpi.com/2313-0105/10/10/366
2025-11-11 17:39:43,991 | INFO | ⬇️  [11] Downloading: https://www.mdpi.com/2313-0105/10/1/29/pdf?version=1705483343
2025-11-11 17:39:44,031 | WARNING | ⚠️ [11] No .pdf file found after https://www.mdpi.com/2313-0105/10/1/29/pdf?version=1705483343
2025-11-11 17:39:44,037 | INFO | 🧩 Launching Chrome for mdpi_pdfs
2025-11-11 17:39:44,074 | WARNING | ⚠️ [10] No .pdf file found after https://www.mdpi.com/2313-0105/10/1/30/pdf?version=1705550006
2025-11-11 17:39:44,119 | INFO | 🧩 Launching Chrome for mdpi_pdfs
2025-11-11 17:39:44,134 | INFO | 🌐 [48] Opening article page: https://www.mdpi.com/2313-0105/10/10/365
2025-11-11 17:39:44,140 | INFO | 🧩 Launching Chrome for mdpi_pdfs
2025-11-11 17:39:44,265 | INFO | 🌐 [49] Opening article page: https://www.mdpi.com/2313-0105/10/10/364
2025-11-11 17:39:44,348 | INFO | 🌐 [50] Opening article page: https://www.mdpi.com/2313-0105/10/10/363
2025-11-11 17:39:44,364 | INFO | 🌐 [51] Opening article page: https://www.mdpi.com/2313-0105/10/10/362
2025-11-11 17:39:44,515 | INFO | ⬇️  [37] Downloading: https://www.mdpi.com/2313-0105/10/1/3/pdf?version=1703239151
2025-11-11 17:39:44,745 | WARNING | ⚠️ [8] No .pdf file found after https://www.mdpi.com/2313-0105/10/1/32/pdf?version=1705578382
2025-11-11 17:39:44,814 | INFO | 🧩 Launching Chrome for mdpi_pdfs
